#
# There is insufficient memory for the Java Runtime Environment to continue.
# Native memory allocation (malloc) failed to allocate 1048576 bytes for AllocateHeap
# Possible reasons:
#   The system is out of physical RAM or swap space
#   The process is running with CompressedOops enabled, and the Java Heap may be blocking the growth of the native heap
# Possible solutions:
#   Reduce memory load on the system
#   Increase physical memory or swap space
#   Check if swap backing store is full
#   Decrease Java heap size (-Xmx/-Xms)
#   Decrease number of Java threads
#   Decrease Java thread stack sizes (-Xss)
#   Set larger code cache with -XX:ReservedCodeCacheSize=
#   JVM is running with Unscaled Compressed Oops mode in which the Java heap is
#     placed in the first 4GB address space. The Java Heap base address is the
#     maximum limit for the native heap growth. Please use -XX:HeapBaseMinAddress
#     to set the Java Heap base and to place the Java Heap above 4GB virtual address.
# This output file may be truncated or incomplete.
#
#  Out of Memory Error (t:/workspace/open/src/hotspot/share/memory/allocation.cpp:46), pid=45284, tid=48148
#
# JRE version:  (11.0.2+9) (build )
# Java VM: OpenJDK 64-Bit Server VM (11.0.2+9, mixed mode, aot, sharing, tiered, compressed oops, g1 gc, windows-amd64)
# No core dump will be written. Minidumps are not enabled by default on client versions of Windows
#

---------------  S U M M A R Y ------------

Command Line: -ea -agentlib:jdwp=transport=dt_socket,address=127.0.0.1:1632 -Dfile.encoding=UTF-8 bluej.runtime.ExecServer UTF-8

Host: Intel(R) Xeon(R) CPU E5-1680 v2 @ 3.00GHz, 16 cores, 15G,  Windows 10 , 64 bit Build 19041 (10.0.19041.1023)
Time: Mon Jun 14 03:28:11 2021 GMT Summer Time elapsed time: 2 seconds (0d 0h 0m 2s)

---------------  T H R E A D  ---------------

Current thread (0x00000206d75b2800):  JavaThread "Unknown thread" [_thread_in_vm, id=48148, stack(0x000000cdf4100000,0x000000cdf4200000)]

Stack: [0x000000cdf4100000,0x000000cdf4200000]
Native frames: (J=compiled Java code, j=interpreted, Vv=VM code, C=native code)
V  [jvm.dll+0x63489a]
V  [jvm.dll+0x771f9f]
V  [jvm.dll+0x773648]
V  [jvm.dll+0x773d03]
V  [jvm.dll+0x25eba8]
V  [jvm.dll+0xb9bf4]
V  [jvm.dll+0x2ecc73]
V  [jvm.dll+0x74b4e7]
V  [jvm.dll+0x74cc3f]
V  [jvm.dll+0x372609]
V  [jvm.dll+0x731b69]
V  [jvm.dll+0x3e1bad]
V  [jvm.dll+0x3e3e81]
C  [java.exe+0x3607]
C  [java.exe+0x1746c]
C  [KERNEL32.DLL+0x17034]
C  [ntdll.dll+0x52651]


---------------  P R O C E S S  ---------------

Threads class SMR info:
_java_thread_list=0x00000206d5c22800, length=0, elements={
}

Java Threads: ( => current thread )

Other Threads:

[error occurred during error reporting (printing all threads), id 0xc0000005, EXCEPTION_ACCESS_VIOLATION (0xc0000005) at pc=0x00007ffe7a14690d]

VM state:not at safepoint (not fully initialized)

VM Mutex/Monitor currently owned by a thread: None


[error occurred during error reporting (printing compressed oops mode), id 0xc0000005, EXCEPTION_ACCESS_VIOLATION (0xc0000005) at pc=0x00007ffe7a15c2b7]

GC Heap History (0 events):
No events

Deoptimization events (0 events):
No events

Classes redefined (0 events):
No events

Internal exceptions (0 events):
No events

Events (0 events):
No events


Dynamic libraries:
0x00007ff6ebc70000 - 0x00007ff6ebcb5000 	C:\Program Files\BlueJ\jdk\bin\java.exe
0x00007ffee46b0000 - 0x00007ffee48a5000 	C:\Windows\SYSTEM32\ntdll.dll
0x00007ffee44b0000 - 0x00007ffee456d000 	C:\Windows\System32\KERNEL32.DLL
0x00007ffee1df0000 - 0x00007ffee20b8000 	C:\Windows\System32\KERNELBASE.dll
0x00007ffee41f0000 - 0x00007ffee4390000 	C:\Windows\System32\USER32.dll
0x00007ffee20c0000 - 0x00007ffee20e2000 	C:\Windows\System32\win32u.dll
0x00007ffee4630000 - 0x00007ffee465a000 	C:\Windows\System32\GDI32.dll
0x00007ffee2240000 - 0x00007ffee234b000 	C:\Windows\System32\gdi32full.dll
0x00007ffee20f0000 - 0x00007ffee218d000 	C:\Windows\System32\msvcp_win.dll
0x00007ffee25f0000 - 0x00007ffee26f0000 	C:\Windows\System32\ucrtbase.dll
0x00007ffed08f0000 - 0x00007ffed0b8a000 	C:\Windows\WinSxS\amd64_microsoft.windows.common-controls_6595b64144ccf1df_6.0.19041.1052_none_60b8f8fd71f5e8cb\COMCTL32.dll
0x00007ffee3040000 - 0x00007ffee30de000 	C:\Windows\System32\msvcrt.dll
0x00007ffee3c90000 - 0x00007ffee3cc0000 	C:\Windows\System32\IMM32.DLL
0x00007ffecd860000 - 0x00007ffecd876000 	C:\Program Files\BlueJ\jdk\bin\vcruntime140.dll
0x00007ffea55c0000 - 0x00007ffea566a000 	C:\Program Files\BlueJ\jdk\bin\msvcp140.dll
0x00007ffe79a10000 - 0x00007ffe7a533000 	C:\Program Files\BlueJ\jdk\bin\server\jvm.dll
0x00007ffee2bf0000 - 0x00007ffee2c9c000 	C:\Windows\System32\ADVAPI32.dll
0x00007ffee2b50000 - 0x00007ffee2beb000 	C:\Windows\System32\sechost.dll
0x00007ffee3f70000 - 0x00007ffee409b000 	C:\Windows\System32\RPCRT4.dll
0x00007ffee2d50000 - 0x00007ffee2d58000 	C:\Windows\System32\PSAPI.DLL
0x00007ffec4f50000 - 0x00007ffec4f59000 	C:\Windows\SYSTEM32\WSOCK32.dll
0x00007ffee40a0000 - 0x00007ffee410b000 	C:\Windows\System32\WS2_32.dll
0x00007ffed7b70000 - 0x00007ffed7b97000 	C:\Windows\SYSTEM32\WINMM.dll
0x00007ffedac50000 - 0x00007ffedac5a000 	C:\Windows\SYSTEM32\VERSION.dll
0x00007ffee0710000 - 0x00007ffee0722000 	C:\Windows\SYSTEM32\kernel.appcore.dll
0x00007ffecd560000 - 0x00007ffecd571000 	C:\Program Files\BlueJ\jdk\bin\verify.dll
0x00007ffee04d0000 - 0x00007ffee06b4000 	C:\Windows\SYSTEM32\DBGHELP.DLL
0x00007ffec6b50000 - 0x00007ffec6b7c000 	C:\Windows\SYSTEM32\dbgcore.DLL
0x00007ffee2350000 - 0x00007ffee23d3000 	C:\Windows\System32\bcryptPrimitives.dll
0x00007ffec6170000 - 0x00007ffec6198000 	C:\Program Files\BlueJ\jdk\bin\java.dll
0x00007ffeb6470000 - 0x00007ffeb64a7000 	C:\Program Files\BlueJ\jdk\bin\jdwp.dll
0x00007ffeccd20000 - 0x00007ffeccd36000 	C:\Program Files\BlueJ\jdk\bin\zip.dll
0x00007ffece040000 - 0x00007ffece04a000 	C:\Program Files\BlueJ\jdk\bin\jimage.dll

dbghelp: loaded successfully - version: 4.0.5 - missing functions: none
symbol engine: initialized successfully - sym options: 0x614 - pdb path: .;C:\Program Files\BlueJ\jdk\bin;C:\Windows\SYSTEM32;C:\Windows\WinSxS\amd64_microsoft.windows.common-controls_6595b64144ccf1df_6.0.19041.1052_none_60b8f8fd71f5e8cb;C:\Program Files\BlueJ\jdk\bin\server

VM Arguments:
jvm_args: -ea -agentlib:jdwp=transport=dt_socket,address=127.0.0.1:1632 -Dfile.encoding=UTF-8 
java_command: bluej.runtime.ExecServer UTF-8
java_class_path (initial): C:\Program Files\BlueJ\lib\bluejcore.jar;C:\Program Files\BlueJ\lib\junit-4.11.jar;C:\Program Files\BlueJ\lib\hamcrest-core-1.3.jar;C:\Program Files\BlueJ\lib\lang-stride.jar;C:\Program Files\BlueJ\lib\javafx\lib\javafx.base.jar;C:\Program Files\BlueJ\lib\javafx\lib\javafx.controls.jar;C:\Program Files\BlueJ\lib\javafx\lib\javafx.fxml.jar;C:\Program Files\BlueJ\lib\javafx\lib\javafx.graphics.jar;C:\Program Files\BlueJ\lib\javafx\lib\javafx.media.jar;C:\Program Files\BlueJ\lib\javafx\lib\javafx.properties.jar;C:\Program Files\BlueJ\lib\javafx\lib\javafx.swing.jar;C:\Program Files\BlueJ\lib\javafx\lib\javafx.web.jar;C:\Program Files\BlueJ\lib\javafx\lib\javafx.base.jar;C:\Program Files\BlueJ\lib\javafx\lib\javafx.controls.jar;C:\Program Files\BlueJ\lib\javafx\lib\javafx.fxml.jar;C:\Program Files\BlueJ\lib\javafx\lib\javafx.graphics.jar;C:\Program Files\BlueJ\lib\javafx\lib\javafx.media.jar;C:\Program Files\BlueJ\lib\javafx\lib\javafx.properties.jar;C:\Program Files\BlueJ\lib\javafx\lib\javafx.swing.jar;C:\Program Files\BlueJ\lib\javafx\lib\javafx.web.jar
Launcher Type: SUN_STANDARD

[Global flags]
     intx CICompilerCount                          = 12                                        {product} {ergonomic}
     uint G1ConcRefinementThreads                  = 13                                        {product} {ergonomic}
   size_t G1HeapRegionSize                         = 1048576                                   {product} {ergonomic}
    uintx GCDrainStackTargetSize                   = 64                                        {product} {ergonomic}
   size_t InitialHeapSize                          = 268435456                                 {product} {ergonomic}
   size_t MaxHeapSize                              = 4276092928                                {product} {ergonomic}
   size_t MinHeapDeltaBytes                        = 1048576                                   {product} {ergonomic}
    uintx NonNMethodCodeHeapSize                   = 7591728                                {pd product} {ergonomic}
    uintx NonProfiledCodeHeapSize                  = 122033256                              {pd product} {ergonomic}
    uintx ProfiledCodeHeapSize                     = 122033256                              {pd product} {ergonomic}
    uintx ReservedCodeCacheSize                    = 251658240                              {pd product} {ergonomic}
     bool SegmentedCodeCache                       = true                                      {product} {ergonomic}
     bool UseCompressedClassPointers               = true                                 {lp64_product} {ergonomic}
     bool UseCompressedOops                        = true                                 {lp64_product} {ergonomic}
     bool UseG1GC                                  = true                                      {product} {ergonomic}
     bool UseLargePagesIndividualAllocation        = false                                  {pd product} {ergonomic}

Logging:
Log output configuration:
 #0: stdout all=warning uptime,level,tags
 #1: stderr all=off uptime,level,tags

Environment Variables:
PATH=C:\Program Files (x86)\Common Files\Oracle\Java\javapath;C:\Program Files (x86)\STMicroelectronics\st_toolset\asm;C:\ProgramData\Oracle\Java\javapath;C:\WINDOWS\system32;C:\WINDOWS;C:\WINDOWS\System32\Wbem;C:\WINDOWS\System32\WindowsPowerShell\v1.0\;C:\Program Files (x86)\GtkSharp\2.12\bin;C:\Program Files (x86)\ATI Technologies\ATI.ACE\Core-Static;C:\Program Files (x86)\Nmap;C:\adb;C:\Program Files\Microsoft SQL Server\120\Tools\Binn\;C:\Windows\system32;C:\Windows;C:\Windows\System32\Wbem;C:\Windows\System32\WindowsPowerShell\v1.0\;C:\Windows\system32\config\systemprofile\.dnx\bin;C:\Program Files\Microsoft DNX\Dnvm\;C:\Program Files (x86)\PuTTY\;C:\Program Files\Microsoft SQL Server\130\Tools\Binn\;C:\Program Files (x86)\AMD\ATI.ACE\Core-Static;C:\Android;C:\Windows\System32;C:\Windows\System32\OpenSSH\;C:\Program Files (x86)\nodejs\;C:\Program Files\Git\cmd;C:\Program Files\dotnet\;C:\Program Files\Microsoft SQL Server\Client SDK\ODBC\170\Tools\Binn\;C:\Program Files (x86)\dotnet\;C:\Ruby24-x64\bin;C:\Program Files (x86)\Nmap;C:\Users\aussie\AppData\Local\Microsoft\WindowsApps;C:\Users\aussie\AppData\Local\GitHubDesktop\bin;C:\Users\aussie\AppData\Local\Microsoft\WindowsApps;C:\Users\aussie\AppData\Roaming\npm;C:\Users\aussie\AppData\Local\hyper\app-3.0.2\resources\bin;C:\Users\aussie\.dotnet\tools;C:\Users\aussie\AppData\Local\Programs\Microsoft VS Code\bin;C:\Program Files\MongoDB\Server\4.4\bin\;
USERNAME=aussie
OS=Windows_NT
PROCESSOR_IDENTIFIER=Intel64 Family 6 Model 62 Stepping 4, GenuineIntel



---------------  S Y S T E M  ---------------

OS: Windows 10 , 64 bit Build 19041 (10.0.19041.1023)

CPU:total 16 (initial active 16) (8 cores per cpu, 2 threads per core) family 6 model 62 stepping 4, cmov, cx8, fxsr, mmx, sse, sse2, sse3, ssse3, sse4.1, sse4.2, popcnt, avx, aes, clmul, erms, ht, tsc, tscinvbit

Memory: 4k page, system-wide physical 16304M (52M free)
TotalPageFile size 65456M (AvailPageFile size 0M)
current process WorkingSet (physical memory assigned to process): 9M, peak: 9M
current process commit charge ("private bytes"): 16M, peak: 17M

vm_info: OpenJDK 64-Bit Server VM (11.0.2+9) for windows-amd64 JRE (11.0.2+9), built on Jan 18 2019 05:23:22 by "mach5one" with MS VC++ 15.5 (VS2017)

END.
